<?xml version="1.0" encoding="UTF-8"?>
<!-- Generated by org.testng.reporters.JUnitXMLReporter -->
<testsuite ignored="3" hostname="DESKTOP-OM0RPCI" failures="1" tests="5" name="Functional testing" time="311.441" errors="0" timestamp="2022-04-24T11:29:59 IST">
  <testcase classname="hrm.com.testscripts.TC002softAssert" name="verifyHRMLogin" time="5.351"/>
  <testcase classname="hrm.com.testscripts.TC006" name="verifyHRMLogin" time="27.601"/>
  <testcase classname="hrm.com.testscripts.TC006" name="verifyHRMLogin" time="14.645"/>
  <testcase classname="hrm.com.testscripts.TC006" name="verifyHRMLogin" time="33.08"/>
  <testcase classname="hrm.com.testscripts.TC006" name="verifyHRMLogin" time="14.447">
    <failure type="java.lang.AssertionError" message="
Expected URL : dashboard
Does not match with ActualURL :https://opensource-demo.orangehrmlive.com/index.php/auth/validateCredentials expected [true] but found [false]">
      <![CDATA[java.lang.AssertionError: 
Expected URL : dashboard
Does not match with ActualURL :https://opensource-demo.orangehrmlive.com/index.php/auth/validateCredentials expected [true] but found [false]
at hrm.com.utils.Browser.verifyOutput(Browser.java:50)
at hrm.com.pages.HRMLogin.hrmLogin(HRMLogin.java:54)
at hrm.com.testscripts.TC006.verifyHRMLogin(TC006.java:36)
at java.base/java.util.ArrayList.forEach(ArrayList.java:1511)
... Removed 32 stack frames]]>
    </failure>
  </testcase> <!-- verifyHRMLogin -->
  <testcase classname="hrm.com.testscripts.TC003" name="verifyAddEmployee" time="0.0">
    <ignored/>
  </testcase> <!-- verifyAddEmployee -->
  <testcase classname="hrm.com.testscripts.TC001" name="verifyHRMLogin" time="0.0">
    <ignored/>
  </testcase> <!-- verifyHRMLogin -->
  <testcase classname="hrm.com.testscripts.TC003" name="verifyHRMLogin" time="0.0">
    <ignored/>
  </testcase> <!-- verifyHRMLogin -->
</testsuite> <!-- Functional testing -->
